<?xml version="1.0" encoding="UTF-8"?>
<!-- Generated by org.testng.reporters.JUnitReportReporter -->
<testsuite hostname="KatyaDell" failures="0" tests="2" name="math.RectangularTest" time="0.009" errors="0" timestamp="2022-10-20T17:37:21 EDT" skipped="0">
  <testcase classname="math.RectangularTest" name="getPerimeterTest" time="0.001"/>
  <system-out/>
  <testcase classname="math.RectangularTest" name="getAreaTest" time="0.008"/>
  <system-out/>
</testsuite> <!-- math.RectangularTest -->
